2025-04-04 05:27:34.294594 - Received CBT.V508.FILE172.PDS from FILE172.XMI 
2025-04-04 05:27:34.301748 - Found $$$#DATE.txt (text/plain) in CBT.V508.FILE172.PDS, moved to PDS/$$$#DATE
2025-04-04 05:27:34.301908 - Found $DOC.txt (text/plain) in CBT.V508.FILE172.PDS, moved to PDS/$DOC
2025-04-04 05:27:34.302073 - Found $PAPER.txt (text/plain) in CBT.V508.FILE172.PDS, moved to PDS/$PAPER
2025-04-04 05:27:34.302230 - Found #CTGPL.txt (text/plain) in CBT.V508.FILE172.PDS, moved to PDS/#CTGPL
2025-04-04 05:27:34.302353 - Found @FILE172.txt (text/plain) in CBT.V508.FILE172.PDS, moved to PDS/@FILE172
2025-04-04 05:27:34.302525 - Found @INDEX.txt (text/plain) in CBT.V508.FILE172.PDS, moved to PDS/@INDEX
2025-04-04 05:27:34.302652 - Found ACTOR.txt (text/plain) in CBT.V508.FILE172.PDS, moved to PDS/ACTOR
2025-04-04 05:27:34.302781 - Found ACTRESS.txt (text/plain) in CBT.V508.FILE172.PDS, moved to PDS/ACTRESS
2025-04-04 05:27:34.302901 - Found AMDSB.txt (text/plain) in CBT.V508.FILE172.PDS, moved to PDS/AMDSB
2025-04-04 05:27:34.303030 - Found ARCHCOMP.txt (text/plain) in CBT.V508.FILE172.PDS, moved to PDS/ARCHCOMP
2025-04-04 05:27:34.303268 - Found ARCHERAS.txt (text/plain) in CBT.V508.FILE172.PDS, moved to PDS/ARCHERAS
2025-04-04 05:27:34.303406 - Found ARCHPARS.txt (text/plain) in CBT.V508.FILE172.PDS, moved to PDS/ARCHPARS
2025-04-04 05:27:34.303569 - Found ASTRA.txt (text/plain) in CBT.V508.FILE172.PDS, moved to PDS/ASTRA
2025-04-04 05:27:34.303735 - Found BILLTABL.txt (text/plain) in CBT.V508.FILE172.PDS, moved to PDS/BILLTABL
2025-04-04 05:27:34.303856 - Found BIOS.txt (text/plain) in CBT.V508.FILE172.PDS, moved to PDS/BIOS
2025-04-04 05:27:34.303981 - Found BLANK.txt (text/plain) in CBT.V508.FILE172.PDS, moved to PDS/BLANK
2025-04-04 05:27:34.304101 - Found BLKSZRTN.txt (text/plain) in CBT.V508.FILE172.PDS, moved to PDS/BLKSZRTN
2025-04-04 05:27:34.304238 - Found CALLIT.txt (text/plain) in CBT.V508.FILE172.PDS, moved to PDS/CALLIT
2025-04-04 05:27:34.304421 - Found CALLITR.txt (text/plain) in CBT.V508.FILE172.PDS, moved to PDS/CALLITR
2025-04-04 05:27:34.304586 - Found CATREAD.txt (text/plain) in CBT.V508.FILE172.PDS, moved to PDS/CATREAD
2025-04-04 05:27:34.304730 - Found CAVEAT.txt (text/plain) in CBT.V508.FILE172.PDS, moved to PDS/CAVEAT
2025-04-04 05:27:34.304863 - Found CCKDDU$$.txt (text/plain) in CBT.V508.FILE172.PDS, moved to PDS/CCKDDU$$
2025-04-04 05:27:34.305017 - Found CCKDDUMP.txt (text/plain) in CBT.V508.FILE172.PDS, moved to PDS/CCKDDUMP
2025-04-04 05:27:34.305144 - Found CCKDLOAD.txt (text/plain) in CBT.V508.FILE172.PDS, moved to PDS/CCKDLOAD
2025-04-04 05:27:34.305270 - Found CDSCB.txt (text/plain) in CBT.V508.FILE172.PDS, moved to PDS/CDSCB
2025-04-04 05:27:34.305388 - Found CDSCB#.txt (text/plain) in CBT.V508.FILE172.PDS, moved to PDS/CDSCB#
2025-04-04 05:27:34.305506 - Found CEEBR14.txt (text/plain) in CBT.V508.FILE172.PDS, moved to PDS/CEEBR14
2025-04-04 05:27:34.305636 - Found CHARS19V.txt (text/plain) in CBT.V508.FILE172.PDS, moved to PDS/CHARS19V
2025-04-04 05:27:34.305751 - Found CHARWORD.txt (text/plain) in CBT.V508.FILE172.PDS, moved to PDS/CHARWORD
2025-04-04 05:27:34.305864 - Found CHARWORR.txt (text/plain) in CBT.V508.FILE172.PDS, moved to PDS/CHARWORR
2025-04-04 05:27:34.305996 - Found CHEW$DOC.txt (text/plain) in CBT.V508.FILE172.PDS, moved to PDS/CHEW$DOC
2025-04-04 05:27:34.306111 - Found CHEW$INS.jcl (text/plain) in CBT.V508.FILE172.PDS, moved to PDS/CHEW$INS
2025-04-04 05:27:34.306219 - Found CHEW$JCL.jcl (text/plain) in CBT.V508.FILE172.PDS, moved to PDS/CHEW$JCL
2025-04-04 05:27:34.306332 - Found CHEWBACA.txt (text/plain) in CBT.V508.FILE172.PDS, moved to PDS/CHEWBACA
2025-04-04 05:27:34.306440 - Found CHEWCOMM.txt (text/plain) in CBT.V508.FILE172.PDS, moved to PDS/CHEWCOMM
2025-04-04 05:27:34.306600 - Found CHEWDYNA.txt (text/plain) in CBT.V508.FILE172.PDS, moved to PDS/CHEWDYNA
2025-04-04 05:27:34.306733 - Found CHEWMAIN.txt (text/plain) in CBT.V508.FILE172.PDS, moved to PDS/CHEWMAIN
2025-04-04 05:27:34.306851 - Found CHEWOUT.txt (text/plain) in CBT.V508.FILE172.PDS, moved to PDS/CHEWOUT
2025-04-04 05:27:34.306983 - Found CHEWPARS.txt (text/plain) in CBT.V508.FILE172.PDS, moved to PDS/CHEWPARS
2025-04-04 05:27:34.307095 - Found CHEWREPT.txt (text/plain) in CBT.V508.FILE172.PDS, moved to PDS/CHEWREPT
2025-04-04 05:27:34.307249 - Found CHEWSKIP.txt (text/plain) in CBT.V508.FILE172.PDS, moved to PDS/CHEWSKIP
2025-04-04 05:27:34.307364 - Found CLEAR.txt (text/plain) in CBT.V508.FILE172.PDS, moved to PDS/CLEAR
2025-04-04 05:27:34.307472 - Found CLEARR.txt (text/plain) in CBT.V508.FILE172.PDS, moved to PDS/CLEARR
2025-04-04 05:27:34.307586 - Found CLOSEM.txt (text/plain) in CBT.V508.FILE172.PDS, moved to PDS/CLOSEM
2025-04-04 05:27:34.307695 - Found CNVTHMS.txt (text/plain) in CBT.V508.FILE172.PDS, moved to PDS/CNVTHMS
2025-04-04 05:27:34.307805 - Found COMPACT.bin (application/octet-stream) in CBT.V508.FILE172.PDS, moved to PDS/COMPACT
2025-04-04 05:27:34.307914 - Found CONVWORD.txt (text/plain) in CBT.V508.FILE172.PDS, moved to PDS/CONVWORD
2025-04-04 05:27:34.308032 - Found CPB.txt (text/plain) in CBT.V508.FILE172.PDS, moved to PDS/CPB
2025-04-04 05:27:34.308142 - Found CPUID.txt (text/plain) in CBT.V508.FILE172.PDS, moved to PDS/CPUID
2025-04-04 05:27:34.308252 - Found CRACK.txt (text/plain) in CBT.V508.FILE172.PDS, moved to PDS/CRACK
2025-04-04 05:27:34.308363 - Found CRAMP.txt (text/plain) in CBT.V508.FILE172.PDS, moved to PDS/CRAMP
2025-04-04 05:27:34.308473 - Found CRAMPOFF.txt (text/plain) in CBT.V508.FILE172.PDS, moved to PDS/CRAMPOFF
2025-04-04 05:27:34.308580 - Found CRAMPON.txt (text/plain) in CBT.V508.FILE172.PDS, moved to PDS/CRAMPON
2025-04-04 05:27:34.308691 - Found CRAP.txt (text/plain) in CBT.V508.FILE172.PDS, moved to PDS/CRAP
2025-04-04 05:27:34.308802 - Found CSATABLE.txt (text/plain) in CBT.V508.FILE172.PDS, moved to PDS/CSATABLE
2025-04-04 05:27:34.308910 - Found CUSS23.txt (text/plain) in CBT.V508.FILE172.PDS, moved to PDS/CUSS23
2025-04-04 05:27:34.309064 - Found DATE.txt (text/plain) in CBT.V508.FILE172.PDS, moved to PDS/DATE
2025-04-04 05:27:34.309180 - Found DAVE73.txt (text/plain) in CBT.V508.FILE172.PDS, moved to PDS/DAVE73
2025-04-04 05:27:34.309292 - Found DAVE73PR.txt (text/plain) in CBT.V508.FILE172.PDS, moved to PDS/DAVE73PR
2025-04-04 05:27:34.309399 - Found DAVE74.txt (text/plain) in CBT.V508.FILE172.PDS, moved to PDS/DAVE74
2025-04-04 05:27:34.309551 - Found DAYOMNTH.txt (text/plain) in CBT.V508.FILE172.PDS, moved to PDS/DAYOMNTH
2025-04-04 05:27:34.309710 - Found DAYOWEEK.txt (text/plain) in CBT.V508.FILE172.PDS, moved to PDS/DAYOWEEK
2025-04-04 05:27:34.309821 - Found DCB2UCB.txt (text/plain) in CBT.V508.FILE172.PDS, moved to PDS/DCB2UCB
2025-04-04 05:27:34.309934 - Found DCFOFF.txt (text/plain) in CBT.V508.FILE172.PDS, moved to PDS/DCFOFF
2025-04-04 05:27:34.310042 - Found DCFON.txt (text/plain) in CBT.V508.FILE172.PDS, moved to PDS/DCFON
2025-04-04 05:27:34.310157 - Found DCPCOMP1.txt (text/plain) in CBT.V508.FILE172.PDS, moved to PDS/DCPCOMP1
2025-04-04 05:27:34.310270 - Found DCPCOMP2.txt (text/plain) in CBT.V508.FILE172.PDS, moved to PDS/DCPCOMP2
2025-04-04 05:27:34.310379 - Found DCPEXPD1.txt (text/plain) in CBT.V508.FILE172.PDS, moved to PDS/DCPEXPD1
2025-04-04 05:27:34.310494 - Found DCPEXPD2.txt (text/plain) in CBT.V508.FILE172.PDS, moved to PDS/DCPEXPD2
2025-04-04 05:27:34.310603 - Found DCPSCBF.txt (text/plain) in CBT.V508.FILE172.PDS, moved to PDS/DCPSCBF
2025-04-04 05:27:34.310716 - Found DCSCOMP3.txt (text/plain) in CBT.V508.FILE172.PDS, moved to PDS/DCSCOMP3
2025-04-04 05:27:34.310830 - Found DCSEXPD3.txt (text/plain) in CBT.V508.FILE172.PDS, moved to PDS/DCSEXPD3
2025-04-04 05:27:34.310981 - Found DCS14DE1.txt (text/plain) in CBT.V508.FILE172.PDS, moved to PDS/DCS14DE1
2025-04-04 05:27:34.311090 - Found DC73REC.txt (text/plain) in CBT.V508.FILE172.PDS, moved to PDS/DC73REC
2025-04-04 05:27:34.311195 - Found DC74REC.txt (text/plain) in CBT.V508.FILE172.PDS, moved to PDS/DC74REC
2025-04-04 05:27:34.311315 - Found DEMANDS.txt (text/plain) in CBT.V508.FILE172.PDS, moved to PDS/DEMANDS
2025-04-04 05:27:34.311428 - Found DEMEMBER.txt (text/plain) in CBT.V508.FILE172.PDS, moved to PDS/DEMEMBER
2025-04-04 05:27:34.311551 - Found DEVOFF.txt (text/plain) in CBT.V508.FILE172.PDS, moved to PDS/DEVOFF
2025-04-04 05:27:34.311713 - Found DRKUX006.txt (text/plain) in CBT.V508.FILE172.PDS, moved to PDS/DRKUX006
2025-04-04 05:27:34.311833 - Found EDX.txt (text/plain) in CBT.V508.FILE172.PDS, moved to PDS/EDX
2025-04-04 05:27:34.311962 - Found EMPTOR.txt (text/plain) in CBT.V508.FILE172.PDS, moved to PDS/EMPTOR
2025-04-04 05:27:34.312082 - Found EMPTYPDS.txt (text/plain) in CBT.V508.FILE172.PDS, moved to PDS/EMPTYPDS
2025-04-04 05:27:34.312193 - Found ENDBLANK.txt (text/plain) in CBT.V508.FILE172.PDS, moved to PDS/ENDBLANK
2025-04-04 05:27:34.312301 - Found EXPAND.bin (application/octet-stream) in CBT.V508.FILE172.PDS, moved to PDS/EXPAND
2025-04-04 05:27:34.312429 - Found FILE171.txt (text/plain) in CBT.V508.FILE172.PDS, moved to PDS/FILE171
2025-04-04 05:27:34.312556 - Found FINDVOL.txt (text/plain) in CBT.V508.FILE172.PDS, moved to PDS/FINDVOL
2025-04-04 05:27:34.312676 - Found FSF.txt (text/plain) in CBT.V508.FILE172.PDS, moved to PDS/FSF
2025-04-04 05:27:34.312801 - Found GETACEE.txt (text/plain) in CBT.V508.FILE172.PDS, moved to PDS/GETACEE
2025-04-04 05:27:34.312910 - Found GETAUTH.txt (text/plain) in CBT.V508.FILE172.PDS, moved to PDS/GETAUTH
2025-04-04 05:27:34.313068 - Found GETDATE.txt (text/plain) in CBT.V508.FILE172.PDS, moved to PDS/GETDATE
2025-04-04 05:27:34.313188 - Found GETDEV.txt (text/plain) in CBT.V508.FILE172.PDS, moved to PDS/GETDEV
2025-04-04 05:27:34.313328 - Found GETDVCT.txt (text/plain) in CBT.V508.FILE172.PDS, moved to PDS/GETDVCT
2025-04-04 05:27:34.313461 - Found GETMOVE.txt (text/plain) in CBT.V508.FILE172.PDS, moved to PDS/GETMOVE
2025-04-04 05:27:34.313587 - Found GETSTORE.txt (text/plain) in CBT.V508.FILE172.PDS, moved to PDS/GETSTORE
2025-04-04 05:27:34.313699 - Found GETSTORR.txt (text/plain) in CBT.V508.FILE172.PDS, moved to PDS/GETSTORR
2025-04-04 05:27:34.313817 - Found GETTING.txt (text/plain) in CBT.V508.FILE172.PDS, moved to PDS/GETTING
2025-04-04 05:27:34.313941 - Found GETTINV.txt (text/plain) in CBT.V508.FILE172.PDS, moved to PDS/GETTINV
2025-04-04 05:27:34.314050 - Found GETUCVTR.txt (text/plain) in CBT.V508.FILE172.PDS, moved to PDS/GETUCVTR
2025-04-04 05:27:34.314180 - Found GETVVR.txt (text/plain) in CBT.V508.FILE172.PDS, moved to PDS/GETVVR
2025-04-04 05:27:34.314304 - Found GOSUB.txt (text/plain) in CBT.V508.FILE172.PDS, moved to PDS/GOSUB
2025-04-04 05:27:34.314429 - Found HORIZON.txt (text/plain) in CBT.V508.FILE172.PDS, moved to PDS/HORIZON
2025-04-04 05:27:34.314546 - Found HPR.txt (text/plain) in CBT.V508.FILE172.PDS, moved to PDS/HPR
2025-04-04 05:27:34.314656 - Found ICFDSECT.txt (text/plain) in CBT.V508.FILE172.PDS, moved to PDS/ICFDSECT
2025-04-04 05:27:34.314766 - Found ICFGDGSC.txt (text/plain) in CBT.V508.FILE172.PDS, moved to PDS/ICFGDGSC
2025-04-04 05:27:34.314890 - Found ICF3490.txt (text/plain) in CBT.V508.FILE172.PDS, moved to PDS/ICF3490
2025-04-04 05:27:34.315004 - Found IEAVMXIT.txt (text/plain) in CBT.V508.FILE172.PDS, moved to PDS/IEAVMXIT
2025-04-04 05:27:34.315117 - Found IEFBR15.txt (text/plain) in CBT.V508.FILE172.PDS, moved to PDS/IEFBR15
2025-04-04 05:27:34.315280 - Found ISFSVC.txt (text/plain) in CBT.V508.FILE172.PDS, moved to PDS/ISFSVC
2025-04-04 05:27:34.315449 - Found IXVTOCF5.txt (text/plain) in CBT.V508.FILE172.PDS, moved to PDS/IXVTOCF5
2025-04-04 05:27:34.315561 - Found JCLINDEX.jcl (text/plain) in CBT.V508.FILE172.PDS, moved to PDS/JCLINDEX
2025-04-04 05:27:34.315671 - Found JFCBREAD.txt (text/plain) in CBT.V508.FILE172.PDS, moved to PDS/JFCBREAD
2025-04-04 05:27:34.315785 - Found JOBBUFNI.txt (text/plain) in CBT.V508.FILE172.PDS, moved to PDS/JOBBUFNI
2025-04-04 05:27:34.315925 - Found LASSOO.txt (text/plain) in CBT.V508.FILE172.PDS, moved to PDS/LASSOO
2025-04-04 05:27:34.316038 - Found LENGTH.txt (text/plain) in CBT.V508.FILE172.PDS, moved to PDS/LENGTH
2025-04-04 05:27:34.316158 - Found LISTICF.txt (text/plain) in CBT.V508.FILE172.PDS, moved to PDS/LISTICF
2025-04-04 05:27:34.316303 - Found LISTPDS.txt (text/plain) in CBT.V508.FILE172.PDS, moved to PDS/LISTPDS
2025-04-04 05:27:34.316441 - Found LISTPDSO.txt (text/plain) in CBT.V508.FILE172.PDS, moved to PDS/LISTPDSO
2025-04-04 05:27:34.316551 - Found LN12.txt (text/plain) in CBT.V508.FILE172.PDS, moved to PDS/LN12
2025-04-04 05:27:34.316667 - Found LOGAN.txt (text/plain) in CBT.V508.FILE172.PDS, moved to PDS/LOGAN
2025-04-04 05:27:34.316776 - Found LOWUPDTE.txt (text/plain) in CBT.V508.FILE172.PDS, moved to PDS/LOWUPDTE
2025-04-04 05:27:34.316906 - Found MAPDISK.txt (text/plain) in CBT.V508.FILE172.PDS, moved to PDS/MAPDISK
2025-04-04 05:27:34.317019 - Found MAPDISKF.txt (text/plain) in CBT.V508.FILE172.PDS, moved to PDS/MAPDISKF
2025-04-04 05:27:34.317126 - Found MAPDJCL.txt (text/plain) in CBT.V508.FILE172.PDS, moved to PDS/MAPDJCL
2025-04-04 05:27:34.317240 - Found MAPDLIST.txt (text/plain) in CBT.V508.FILE172.PDS, moved to PDS/MAPDLIST
2025-04-04 05:27:34.317366 - Found MAP3380.txt (text/plain) in CBT.V508.FILE172.PDS, moved to PDS/MAP3380
2025-04-04 05:27:34.317487 - Found MAP3390.txt (text/plain) in CBT.V508.FILE172.PDS, moved to PDS/MAP3390
2025-04-04 05:27:34.317617 - Found MDCB.txt (text/plain) in CBT.V508.FILE172.PDS, moved to PDS/MDCB
2025-04-04 05:27:34.317779 - Found MPFTAPEK.txt (text/plain) in CBT.V508.FILE172.PDS, moved to PDS/MPFTAPEK
2025-04-04 05:27:34.317938 - Found MPFTAPEM.txt (text/plain) in CBT.V508.FILE172.PDS, moved to PDS/MPFTAPEM
2025-04-04 05:27:34.318065 - Found MPFTAPEQ.txt (text/plain) in CBT.V508.FILE172.PDS, moved to PDS/MPFTAPEQ
2025-04-04 05:27:34.318171 - Found MPFTAPET.txt (text/plain) in CBT.V508.FILE172.PDS, moved to PDS/MPFTAPET
2025-04-04 05:27:34.318279 - Found MROPCEW.txt (text/plain) in CBT.V508.FILE172.PDS, moved to PDS/MROPCEW
2025-04-04 05:27:34.318403 - Found MSG3480.txt (text/plain) in CBT.V508.FILE172.PDS, moved to PDS/MSG3480
2025-04-04 05:27:34.318515 - Found M80ESA3.txt (text/plain) in CBT.V508.FILE172.PDS, moved to PDS/M80ESA3
2025-04-04 05:27:34.318649 - Found M80XA2.txt (text/plain) in CBT.V508.FILE172.PDS, moved to PDS/M80XA2
2025-04-04 05:27:34.318764 - Found M90ESA3.txt (text/plain) in CBT.V508.FILE172.PDS, moved to PDS/M90ESA3
2025-04-04 05:27:34.318877 - Found OLDCOMP2.txt (text/plain) in CBT.V508.FILE172.PDS, moved to PDS/OLDCOMP2
2025-04-04 05:27:34.318989 - Found OLDEXPD2.txt (text/plain) in CBT.V508.FILE172.PDS, moved to PDS/OLDEXPD2
2025-04-04 05:27:34.319094 - Found OPENCLOS.txt (text/plain) in CBT.V508.FILE172.PDS, moved to PDS/OPENCLOS
2025-04-04 05:27:34.319205 - Found OPENEM.txt (text/plain) in CBT.V508.FILE172.PDS, moved to PDS/OPENEM
2025-04-04 05:27:34.319312 - Found OPENEXIT.txt (text/plain) in CBT.V508.FILE172.PDS, moved to PDS/OPENEXIT
2025-04-04 05:27:34.319423 - Found PACK2.txt (text/plain) in CBT.V508.FILE172.PDS, moved to PDS/PACK2
2025-04-04 05:27:34.319548 - Found PARMPROC.txt (text/plain) in CBT.V508.FILE172.PDS, moved to PDS/PARMPROC
2025-04-04 05:27:34.319669 - Found PARSEVVR.txt (text/plain) in CBT.V508.FILE172.PDS, moved to PDS/PARSEVVR
2025-04-04 05:27:34.319777 - Found PERCENT0.txt (text/plain) in CBT.V508.FILE172.PDS, moved to PDS/PERCENT0
2025-04-04 05:27:34.319899 - Found PGMIN.txt (text/plain) in CBT.V508.FILE172.PDS, moved to PDS/PGMIN
2025-04-04 05:27:34.320006 - Found PGMOUT.txt (text/plain) in CBT.V508.FILE172.PDS, moved to PDS/PGMOUT
2025-04-04 05:27:34.320117 - Found PRINT.txt (text/plain) in CBT.V508.FILE172.PDS, moved to PDS/PRINT
2025-04-04 05:27:34.320223 - Found PRINTV.txt (text/plain) in CBT.V508.FILE172.PDS, moved to PDS/PRINTV
2025-04-04 05:27:34.320329 - Found PUTMOVE.txt (text/plain) in CBT.V508.FILE172.PDS, moved to PDS/PUTMOVE
2025-04-04 05:27:34.320437 - Found QLADD.txt (text/plain) in CBT.V508.FILE172.PDS, moved to PDS/QLADD
2025-04-04 05:27:34.320547 - Found REDATE.txt (text/plain) in CBT.V508.FILE172.PDS, moved to PDS/REDATE
2025-04-04 05:27:34.320662 - Found REGEQU.txt (text/plain) in CBT.V508.FILE172.PDS, moved to PDS/REGEQU
2025-04-04 05:27:34.320785 - Found REPLYTO.txt (text/plain) in CBT.V508.FILE172.PDS, moved to PDS/REPLYTO
2025-04-04 05:27:34.320894 - Found RESULTS.txt (text/plain) in CBT.V508.FILE172.PDS, moved to PDS/RESULTS
2025-04-04 05:27:34.321014 - Found RESUME.txt (text/plain) in CBT.V508.FILE172.PDS, moved to PDS/RESUME
2025-04-04 05:27:34.321146 - Found RETIME.txt (text/plain) in CBT.V508.FILE172.PDS, moved to PDS/RETIME
2025-04-04 05:27:34.321269 - Found RIN.txt (text/plain) in CBT.V508.FILE172.PDS, moved to PDS/RIN
2025-04-04 05:27:34.321381 - Found RLSEJCL.txt (text/plain) in CBT.V508.FILE172.PDS, moved to PDS/RLSEJCL
2025-04-04 05:27:34.321500 - Found RMFCHUND.txt (text/plain) in CBT.V508.FILE172.PDS, moved to PDS/RMFCHUND
2025-04-04 05:27:34.321606 - Found RMFCTU.txt (text/plain) in CBT.V508.FILE172.PDS, moved to PDS/RMFCTU
2025-04-04 05:27:34.321728 - Found ROTATES.txt (text/plain) in CBT.V508.FILE172.PDS, moved to PDS/ROTATES
2025-04-04 05:27:34.321838 - Found ROUT.txt (text/plain) in CBT.V508.FILE172.PDS, moved to PDS/ROUT
2025-04-04 05:27:34.321967 - Found RTPDIRD.txt (text/plain) in CBT.V508.FILE172.PDS, moved to PDS/RTPDIRD
2025-04-04 05:27:34.322083 - Found RTPMOVE.txt (text/plain) in CBT.V508.FILE172.PDS, moved to PDS/RTPMOVE
2025-04-04 05:27:34.322190 - Found RXASM.rexx (text/plain) in CBT.V508.FILE172.PDS, moved to PDS/RXASM
2025-04-04 05:27:34.322346 - Found SCAN.txt (text/plain) in CBT.V508.FILE172.PDS, moved to PDS/SCAN
2025-04-04 05:27:34.322501 - Found SCRATCH.txt (text/plain) in CBT.V508.FILE172.PDS, moved to PDS/SCRATCH
2025-04-04 05:27:34.322609 - Found SEAFOOD.txt (text/plain) in CBT.V508.FILE172.PDS, moved to PDS/SEAFOOD
2025-04-04 05:27:34.322719 - Found SECFWMPF.txt (text/plain) in CBT.V508.FILE172.PDS, moved to PDS/SECFWMPF
2025-04-04 05:27:34.322842 - Found SECFWOFF.txt (text/plain) in CBT.V508.FILE172.PDS, moved to PDS/SECFWOFF
2025-04-04 05:27:34.322997 - Found SECFWON.txt (text/plain) in CBT.V508.FILE172.PDS, moved to PDS/SECFWON
2025-04-04 05:27:34.323140 - Found SECOMMON.txt (text/plain) in CBT.V508.FILE172.PDS, moved to PDS/SECOMMON
2025-04-04 05:27:34.323256 - Found SECR01.txt (text/plain) in CBT.V508.FILE172.PDS, moved to PDS/SECR01
2025-04-04 05:27:34.323364 - Found SEDFWOFF.txt (text/plain) in CBT.V508.FILE172.PDS, moved to PDS/SEDFWOFF
2025-04-04 05:27:34.323481 - Found SEDFWON.txt (text/plain) in CBT.V508.FILE172.PDS, moved to PDS/SEDFWON
2025-04-04 05:27:34.323592 - Found SEGIN.txt (text/plain) in CBT.V508.FILE172.PDS, moved to PDS/SEGIN
2025-04-04 05:27:34.323702 - Found SEGOUT.txt (text/plain) in CBT.V508.FILE172.PDS, moved to PDS/SEGOUT
2025-04-04 05:27:34.323853 - Found SENDOFF.txt (text/plain) in CBT.V508.FILE172.PDS, moved to PDS/SENDOFF
2025-04-04 05:27:34.323966 - Found SEREC.txt (text/plain) in CBT.V508.FILE172.PDS, moved to PDS/SEREC
2025-04-04 05:27:34.324316 - Found SERVED70.txt (text/plain) in CBT.V508.FILE172.PDS, moved to PDS/SERVED70
2025-04-04 05:27:34.324507 - Found SERVED71.txt (text/plain) in CBT.V508.FILE172.PDS, moved to PDS/SERVED71
2025-04-04 05:27:34.324649 - Found SERVED72.txt (text/plain) in CBT.V508.FILE172.PDS, moved to PDS/SERVED72
2025-04-04 05:27:34.324773 - Found SESMF.txt (text/plain) in CBT.V508.FILE172.PDS, moved to PDS/SESMF
2025-04-04 05:27:34.324890 - Found SETEOD.txt (text/plain) in CBT.V508.FILE172.PDS, moved to PDS/SETEOD
2025-04-04 05:27:34.325007 - Found SETMODE.txt (text/plain) in CBT.V508.FILE172.PDS, moved to PDS/SETMODE
2025-04-04 05:27:34.325124 - Found SETOFF.txt (text/plain) in CBT.V508.FILE172.PDS, moved to PDS/SETOFF
2025-04-04 05:27:34.325245 - Found SEWTO.txt (text/plain) in CBT.V508.FILE172.PDS, moved to PDS/SEWTO
2025-04-04 05:27:34.325367 - Found SE30EXT.txt (text/plain) in CBT.V508.FILE172.PDS, moved to PDS/SE30EXT
2025-04-04 05:27:34.325482 - Found SE30REC.txt (text/plain) in CBT.V508.FILE172.PDS, moved to PDS/SE30REC
2025-04-04 05:27:34.325619 - Found SE30RPT.txt (text/plain) in CBT.V508.FILE172.PDS, moved to PDS/SE30RPT
2025-04-04 05:27:34.325738 - Found SE526.txt (text/plain) in CBT.V508.FILE172.PDS, moved to PDS/SE526
2025-04-04 05:27:34.326014 - Found SE70REC.txt (text/plain) in CBT.V508.FILE172.PDS, moved to PDS/SE70REC
2025-04-04 05:27:34.326127 - Found SE71REC.txt (text/plain) in CBT.V508.FILE172.PDS, moved to PDS/SE71REC
2025-04-04 05:27:34.326241 - Found SE72REC.txt (text/plain) in CBT.V508.FILE172.PDS, moved to PDS/SE72REC
2025-04-04 05:27:34.326362 - Found SE80REC.txt (text/plain) in CBT.V508.FILE172.PDS, moved to PDS/SE80REC
2025-04-04 05:27:34.326474 - Found SMFHEAD.txt (text/plain) in CBT.V508.FILE172.PDS, moved to PDS/SMFHEAD
2025-04-04 05:27:34.326584 - Found SMFWRITR.txt (text/plain) in CBT.V508.FILE172.PDS, moved to PDS/SMFWRITR
2025-04-04 05:27:34.326700 - Found SMF1415.txt (text/plain) in CBT.V508.FILE172.PDS, moved to PDS/SMF1415
2025-04-04 05:27:34.326826 - Found SMF234.txt (text/plain) in CBT.V508.FILE172.PDS, moved to PDS/SMF234
2025-04-04 05:27:34.326933 - Found SMIXAPPE.txt (text/plain) in CBT.V508.FILE172.PDS, moved to PDS/SMIXAPPE
2025-04-04 05:27:34.327059 - Found SMIXRECE.txt (text/plain) in CBT.V508.FILE172.PDS, moved to PDS/SMIXRECE
2025-04-04 05:27:34.327172 - Found SMOPAPPE.txt (text/plain) in CBT.V508.FILE172.PDS, moved to PDS/SMOPAPPE
2025-04-04 05:27:34.327282 - Found SMOPRECE.txt (text/plain) in CBT.V508.FILE172.PDS, moved to PDS/SMOPRECE
2025-04-04 05:27:34.327403 - Found SM80.txt (text/plain) in CBT.V508.FILE172.PDS, moved to PDS/SM80
2025-04-04 05:27:34.327536 - Found SPMGCLD.txt (text/plain) in CBT.V508.FILE172.PDS, moved to PDS/SPMGCLD
2025-04-04 05:27:34.327658 - Found SSDCE15.txt (text/plain) in CBT.V508.FILE172.PDS, moved to PDS/SSDCE15
2025-04-04 05:27:34.327767 - Found SSDCJCL1.txt (text/plain) in CBT.V508.FILE172.PDS, moved to PDS/SSDCJCL1
2025-04-04 05:27:34.327883 - Found SSDCJCL2.txt (text/plain) in CBT.V508.FILE172.PDS, moved to PDS/SSDCJCL2
2025-04-04 05:27:34.328000 - Found SSDC02.txt (text/plain) in CBT.V508.FILE172.PDS, moved to PDS/SSDC02
2025-04-04 05:27:34.328127 - Found SSDC03.txt (text/plain) in CBT.V508.FILE172.PDS, moved to PDS/SSDC03
2025-04-04 05:27:34.328251 - Found SSWAIT.txt (text/plain) in CBT.V508.FILE172.PDS, moved to PDS/SSWAIT
2025-04-04 05:27:34.328375 - Found STATDS.jcl (text/plain) in CBT.V508.FILE172.PDS, moved to PDS/STATDS
2025-04-04 05:27:34.328486 - Found STDDAY01.txt (text/plain) in CBT.V508.FILE172.PDS, moved to PDS/STDDAY01
2025-04-04 05:27:34.328610 - Found STDDAY11.txt (text/plain) in CBT.V508.FILE172.PDS, moved to PDS/STDDAY11
2025-04-04 05:27:34.328717 - Found STRING.txt (text/plain) in CBT.V508.FILE172.PDS, moved to PDS/STRING
2025-04-04 05:27:34.328830 - Found STRNGEND.txt (text/plain) in CBT.V508.FILE172.PDS, moved to PDS/STRNGEND
2025-04-04 05:27:34.328979 - Found STROBE.txt (text/plain) in CBT.V508.FILE172.PDS, moved to PDS/STROBE
2025-04-04 05:27:34.329095 - Found SUBIN.txt (text/plain) in CBT.V508.FILE172.PDS, moved to PDS/SUBIN
2025-04-04 05:27:34.329209 - Found SUBLR.txt (text/plain) in CBT.V508.FILE172.PDS, moved to PDS/SUBLR
2025-04-04 05:27:34.329317 - Found SUBOUT.txt (text/plain) in CBT.V508.FILE172.PDS, moved to PDS/SUBOUT
2025-04-04 05:27:34.329463 - Found SYSEVENT.bin (application/octet-stream) in CBT.V508.FILE172.PDS, moved to PDS/SYSEVENT
2025-04-04 05:27:34.329595 - Found SYSIEH.txt (text/plain) in CBT.V508.FILE172.PDS, moved to PDS/SYSIEH
2025-04-04 05:27:34.329706 - Found SYSUT1RD.txt (text/plain) in CBT.V508.FILE172.PDS, moved to PDS/SYSUT1RD
2025-04-04 05:27:34.329835 - Found S26VOLA.txt (text/plain) in CBT.V508.FILE172.PDS, moved to PDS/S26VOLA
2025-04-04 05:27:34.329957 - Found S36PRTU4.txt (text/plain) in CBT.V508.FILE172.PDS, moved to PDS/S36PRTU4
2025-04-04 05:27:34.330118 - Found S9A1.txt (text/plain) in CBT.V508.FILE172.PDS, moved to PDS/S9A1
2025-04-04 05:27:34.330228 - Found TESTDD.txt (text/plain) in CBT.V508.FILE172.PDS, moved to PDS/TESTDD
2025-04-04 05:27:34.330339 - Found TESTIOT.txt (text/plain) in CBT.V508.FILE172.PDS, moved to PDS/TESTIOT
2025-04-04 05:27:34.330448 - Found TIMERTN.txt (text/plain) in CBT.V508.FILE172.PDS, moved to PDS/TIMERTN
2025-04-04 05:27:34.330601 - Found TODDATE.txt (text/plain) in CBT.V508.FILE172.PDS, moved to PDS/TODDATE
2025-04-04 05:27:34.330714 - Found TRIM.txt (text/plain) in CBT.V508.FILE172.PDS, moved to PDS/TRIM
2025-04-04 05:27:34.330837 - Found TRUISMS.txt (text/plain) in CBT.V508.FILE172.PDS, moved to PDS/TRUISMS
2025-04-04 05:27:34.330966 - Found TSGINNRA.txt (text/plain) in CBT.V508.FILE172.PDS, moved to PDS/TSGINNRA
2025-04-04 05:27:34.331074 - Found UNBLANK.txt (text/plain) in CBT.V508.FILE172.PDS, moved to PDS/UNBLANK
2025-04-04 05:27:34.331183 - Found UNPACK.txt (text/plain) in CBT.V508.FILE172.PDS, moved to PDS/UNPACK
2025-04-04 05:27:34.331294 - Found USERCVT.txt (text/plain) in CBT.V508.FILE172.PDS, moved to PDS/USERCVT
2025-04-04 05:27:34.331495 - Found VSAMANAL.txt (text/plain) in CBT.V508.FILE172.PDS, moved to PDS/VSAMANAL
2025-04-04 05:27:34.331686 - Found VSMERROR.txt (text/plain) in CBT.V508.FILE172.PDS, moved to PDS/VSMERROR
2025-04-04 05:27:34.331867 - Found VVRDSECT.txt (text/plain) in CBT.V508.FILE172.PDS, moved to PDS/VVRDSECT
2025-04-04 05:27:34.332098 - Found WCGMLST1.bin (application/octet-stream) in CBT.V508.FILE172.PDS, moved to PDS/WCGMLST1
2025-04-04 05:27:34.332264 - Found WCGMLST2.txt (text/plain) in CBT.V508.FILE172.PDS, moved to PDS/WCGMLST2
2025-04-04 05:27:34.332424 - Found WRITEV.txt (text/plain) in CBT.V508.FILE172.PDS, moved to PDS/WRITEV
2025-04-04 05:27:34.332587 - Found WRITING.txt (text/plain) in CBT.V508.FILE172.PDS, moved to PDS/WRITING
2025-04-04 05:27:34.332797 - Found XXSYS1SC.txt (text/plain) in CBT.V508.FILE172.PDS, moved to PDS/XXSYS1SC
2025-04-04 05:27:34.332947 - Found ZCSECT.txt (text/plain) in CBT.V508.FILE172.PDS, moved to PDS/ZCSECT
2025-04-04 05:27:34.333107 - Found ZRETURN.txt (text/plain) in CBT.V508.FILE172.PDS, moved to PDS/ZRETURN
